Determining if the pthread_create exist failed with the following output:
Change Dir: /home/kirill/Code/CNN_Depth_Reconstruction_VSLAM/fcrn-inference/fcrn-camera/CMakeFiles/CMakeTmp

Run Build Command:"/usr/bin/make" "cmTC_1dea6/fast"
/usr/bin/make -f CMakeFiles/cmTC_1dea6.dir/build.make CMakeFiles/cmTC_1dea6.dir/build
make[1]: вход в каталог «/home/kirill/Code/CNN_Depth_Reconstruction_VSLAM/fcrn-inference/fcrn-camera/CMakeFiles/CMakeTmp»
Building C object CMakeFiles/cmTC_1dea6.dir/CheckSymbolExists.c.o
/usr/bin/cc    -fPIC    -o CMakeFiles/cmTC_1dea6.dir/CheckSymbolExists.c.o   -c /home/kirill/Code/CNN_Depth_Reconstruction_VSLAM/fcrn-inference/fcrn-camera/CMakeFiles/CMakeTmp/CheckSymbolExists.c
Linking C executable cmTC_1dea6
/usr/bin/cmake -E cmake_link_script CMakeFiles/cmTC_1dea6.dir/link.txt --verbose=1
/usr/bin/cc  -fPIC     CMakeFiles/cmTC_1dea6.dir/CheckSymbolExists.c.o  -o cmTC_1dea6 -rdynamic 
CMakeFiles/cmTC_1dea6.dir/CheckSymbolExists.c.o: In function `main':
CheckSymbolExists.c:(.text+0x1b): undefined reference to `pthread_create'
collect2: error: ld returned 1 exit status
CMakeFiles/cmTC_1dea6.dir/build.make:97: ошибка выполнения рецепта для цели «cmTC_1dea6»
make[1]: *** [cmTC_1dea6] Ошибка 1
make[1]: выход из каталога «/home/kirill/Code/CNN_Depth_Reconstruction_VSLAM/fcrn-inference/fcrn-camera/CMakeFiles/CMakeTmp»
Makefile:126: ошибка выполнения рецепта для цели «cmTC_1dea6/fast»
make: *** [cmTC_1dea6/fast] Ошибка 2

File /home/kirill/Code/CNN_Depth_Reconstruction_VSLAM/fcrn-inference/fcrn-camera/CMakeFiles/CMakeTmp/CheckSymbolExists.c:
/* */
#include <pthread.h>

int main(int argc, char** argv)
{
  (void)argv;
#ifndef pthread_create
  return ((int*)(&pthread_create))[argc];
#else
  (void)argc;
  return 0;
#endif
}

Determining if the function pthread_create exists in the pthreads failed with the following output:
Change Dir: /home/kirill/Code/CNN_Depth_Reconstruction_VSLAM/fcrn-inference/fcrn-camera/CMakeFiles/CMakeTmp

Run Build Command:"/usr/bin/make" "cmTC_6c2b8/fast"
/usr/bin/make -f CMakeFiles/cmTC_6c2b8.dir/build.make CMakeFiles/cmTC_6c2b8.dir/build
make[1]: вход в каталог «/home/kirill/Code/CNN_Depth_Reconstruction_VSLAM/fcrn-inference/fcrn-camera/CMakeFiles/CMakeTmp»
Building C object CMakeFiles/cmTC_6c2b8.dir/CheckFunctionExists.c.o
/usr/bin/cc    -fPIC -DCHECK_FUNCTION_EXISTS=pthread_create   -o CMakeFiles/cmTC_6c2b8.dir/CheckFunctionExists.c.o   -c /usr/share/cmake-3.5/Modules/CheckFunctionExists.c
Linking C executable cmTC_6c2b8
/usr/bin/cmake -E cmake_link_script CMakeFiles/cmTC_6c2b8.dir/link.txt --verbose=1
/usr/bin/cc  -fPIC -DCHECK_FUNCTION_EXISTS=pthread_create    CMakeFiles/cmTC_6c2b8.dir/CheckFunctionExists.c.o  -o cmTC_6c2b8 -rdynamic -lpthreads 
/usr/bin/ld: cannot find -lpthreads
collect2: error: ld returned 1 exit status
CMakeFiles/cmTC_6c2b8.dir/build.make:97: ошибка выполнения рецепта для цели «cmTC_6c2b8»
make[1]: *** [cmTC_6c2b8] Ошибка 1
make[1]: выход из каталога «/home/kirill/Code/CNN_Depth_Reconstruction_VSLAM/fcrn-inference/fcrn-camera/CMakeFiles/CMakeTmp»
Makefile:126: ошибка выполнения рецепта для цели «cmTC_6c2b8/fast»
make: *** [cmTC_6c2b8/fast] Ошибка 2


Determining if the Q_WS_WIN exist failed with the following output:
Change Dir: /home/kirill/Code/CNN_Depth_Reconstruction_VSLAM/fcrn-inference/fcrn-camera/CMakeFiles/CMakeTmp

Run Build Command:"/usr/bin/make" "cmTC_65b3c/fast"
/usr/bin/make -f CMakeFiles/cmTC_65b3c.dir/build.make CMakeFiles/cmTC_65b3c.dir/build
make[1]: вход в каталог «/home/kirill/Code/CNN_Depth_Reconstruction_VSLAM/fcrn-inference/fcrn-camera/CMakeFiles/CMakeTmp»
Building CXX object CMakeFiles/cmTC_65b3c.dir/CheckSymbolExists.cxx.o
/usr/bin/c++    -I/usr/include/qt4  -std=c++11    -o CMakeFiles/cmTC_65b3c.dir/CheckSymbolExists.cxx.o -c /home/kirill/Code/CNN_Depth_Reconstruction_VSLAM/fcrn-inference/fcrn-camera/CMakeFiles/CMakeTmp/CheckSymbolExists.cxx
/home/kirill/Code/CNN_Depth_Reconstruction_VSLAM/fcrn-inference/fcrn-camera/CMakeFiles/CMakeTmp/CheckSymbolExists.cxx: In function ‘int main(int, char**)’:
/home/kirill/Code/CNN_Depth_Reconstruction_VSLAM/fcrn-inference/fcrn-camera/CMakeFiles/CMakeTmp/CheckSymbolExists.cxx:8:19: error: ‘Q_WS_WIN’ was not declared in this scope
   return ((int*)(&Q_WS_WIN))[argc];
                   ^
CMakeFiles/cmTC_65b3c.dir/build.make:65: ошибка выполнения рецепта для цели «CMakeFiles/cmTC_65b3c.dir/CheckSymbolExists.cxx.o»
make[1]: *** [CMakeFiles/cmTC_65b3c.dir/CheckSymbolExists.cxx.o] Ошибка 1
make[1]: выход из каталога «/home/kirill/Code/CNN_Depth_Reconstruction_VSLAM/fcrn-inference/fcrn-camera/CMakeFiles/CMakeTmp»
Makefile:126: ошибка выполнения рецепта для цели «cmTC_65b3c/fast»
make: *** [cmTC_65b3c/fast] Ошибка 2

File /home/kirill/Code/CNN_Depth_Reconstruction_VSLAM/fcrn-inference/fcrn-camera/CMakeFiles/CMakeTmp/CheckSymbolExists.cxx:
/* */
#include <QtCore/qglobal.h>

int main(int argc, char** argv)
{
  (void)argv;
#ifndef Q_WS_WIN
  return ((int*)(&Q_WS_WIN))[argc];
#else
  (void)argc;
  return 0;
#endif
}

Determining if the Q_WS_QWS exist failed with the following output:
Change Dir: /home/kirill/Code/CNN_Depth_Reconstruction_VSLAM/fcrn-inference/fcrn-camera/CMakeFiles/CMakeTmp

Run Build Command:"/usr/bin/make" "cmTC_a9862/fast"
/usr/bin/make -f CMakeFiles/cmTC_a9862.dir/build.make CMakeFiles/cmTC_a9862.dir/build
make[1]: вход в каталог «/home/kirill/Code/CNN_Depth_Reconstruction_VSLAM/fcrn-inference/fcrn-camera/CMakeFiles/CMakeTmp»
Building CXX object CMakeFiles/cmTC_a9862.dir/CheckSymbolExists.cxx.o
/usr/bin/c++    -I/usr/include/qt4  -std=c++11    -o CMakeFiles/cmTC_a9862.dir/CheckSymbolExists.cxx.o -c /home/kirill/Code/CNN_Depth_Reconstruction_VSLAM/fcrn-inference/fcrn-camera/CMakeFiles/CMakeTmp/CheckSymbolExists.cxx
/home/kirill/Code/CNN_Depth_Reconstruction_VSLAM/fcrn-inference/fcrn-camera/CMakeFiles/CMakeTmp/CheckSymbolExists.cxx: In function ‘int main(int, char**)’:
/home/kirill/Code/CNN_Depth_Reconstruction_VSLAM/fcrn-inference/fcrn-camera/CMakeFiles/CMakeTmp/CheckSymbolExists.cxx:8:19: error: ‘Q_WS_QWS’ was not declared in this scope
   return ((int*)(&Q_WS_QWS))[argc];
                   ^
CMakeFiles/cmTC_a9862.dir/build.make:65: ошибка выполнения рецепта для цели «CMakeFiles/cmTC_a9862.dir/CheckSymbolExists.cxx.o»
make[1]: *** [CMakeFiles/cmTC_a9862.dir/CheckSymbolExists.cxx.o] Ошибка 1
make[1]: выход из каталога «/home/kirill/Code/CNN_Depth_Reconstruction_VSLAM/fcrn-inference/fcrn-camera/CMakeFiles/CMakeTmp»
Makefile:126: ошибка выполнения рецепта для цели «cmTC_a9862/fast»
make: *** [cmTC_a9862/fast] Ошибка 2

File /home/kirill/Code/CNN_Depth_Reconstruction_VSLAM/fcrn-inference/fcrn-camera/CMakeFiles/CMakeTmp/CheckSymbolExists.cxx:
/* */
#include <QtCore/qglobal.h>

int main(int argc, char** argv)
{
  (void)argv;
#ifndef Q_WS_QWS
  return ((int*)(&Q_WS_QWS))[argc];
#else
  (void)argc;
  return 0;
#endif
}

Determining if the Q_WS_MAC exist failed with the following output:
Change Dir: /home/kirill/Code/CNN_Depth_Reconstruction_VSLAM/fcrn-inference/fcrn-camera/CMakeFiles/CMakeTmp

Run Build Command:"/usr/bin/make" "cmTC_7cb33/fast"
/usr/bin/make -f CMakeFiles/cmTC_7cb33.dir/build.make CMakeFiles/cmTC_7cb33.dir/build
make[1]: вход в каталог «/home/kirill/Code/CNN_Depth_Reconstruction_VSLAM/fcrn-inference/fcrn-camera/CMakeFiles/CMakeTmp»
Building CXX object CMakeFiles/cmTC_7cb33.dir/CheckSymbolExists.cxx.o
/usr/bin/c++    -I/usr/include/qt4  -std=c++11    -o CMakeFiles/cmTC_7cb33.dir/CheckSymbolExists.cxx.o -c /home/kirill/Code/CNN_Depth_Reconstruction_VSLAM/fcrn-inference/fcrn-camera/CMakeFiles/CMakeTmp/CheckSymbolExists.cxx
/home/kirill/Code/CNN_Depth_Reconstruction_VSLAM/fcrn-inference/fcrn-camera/CMakeFiles/CMakeTmp/CheckSymbolExists.cxx: In function ‘int main(int, char**)’:
/home/kirill/Code/CNN_Depth_Reconstruction_VSLAM/fcrn-inference/fcrn-camera/CMakeFiles/CMakeTmp/CheckSymbolExists.cxx:8:19: error: ‘Q_WS_MAC’ was not declared in this scope
   return ((int*)(&Q_WS_MAC))[argc];
                   ^
CMakeFiles/cmTC_7cb33.dir/build.make:65: ошибка выполнения рецепта для цели «CMakeFiles/cmTC_7cb33.dir/CheckSymbolExists.cxx.o»
make[1]: *** [CMakeFiles/cmTC_7cb33.dir/CheckSymbolExists.cxx.o] Ошибка 1
make[1]: выход из каталога «/home/kirill/Code/CNN_Depth_Reconstruction_VSLAM/fcrn-inference/fcrn-camera/CMakeFiles/CMakeTmp»
Makefile:126: ошибка выполнения рецепта для цели «cmTC_7cb33/fast»
make: *** [cmTC_7cb33/fast] Ошибка 2

File /home/kirill/Code/CNN_Depth_Reconstruction_VSLAM/fcrn-inference/fcrn-camera/CMakeFiles/CMakeTmp/CheckSymbolExists.cxx:
/* */
#include <QtCore/qglobal.h>

int main(int argc, char** argv)
{
  (void)argv;
#ifndef Q_WS_MAC
  return ((int*)(&Q_WS_MAC))[argc];
#else
  (void)argc;
  return 0;
#endif
}

