Create plugin creator
get plugin name
get plugin name
get plugin version
get plugin version
deserialize plugin using the creator
Init 0x559a880b50 from data and length
Readed input width 20
get plugin version
deserialize plugin using the creator
Init 0x559b003e50 from data and length
Readed input width 40
get plugin version
deserialize plugin using the creator
Init 0x559b2a6350 from data and length
Readed input width 80
get plugin version
deserialize plugin using the creator
Init 0x559b3509a0 from data and length
Readed input width 160
get plugin version
deserialize plugin using the creator
Init 0x559b376e40 from data and length
Readed input width 320
Initialize plugin 0x559a880b50
Initialize plugin 0x559b003e50
Initialize plugin 0x559b2a6350
Initialize plugin 0x559b3509a0
Initialize plugin 0x559b376e40
fp16: 0
PPM image readed
Data created
Data size: 921600
First data pixel: 0.333333
engine has 2 bindings
Input index: 0
Output index: 1
Input buffer size: 921600
Output buffer size: 307200
enquque plugin 0x559a880b50
Input size: 1024 15 20
mcudnn: 0xfffffffe
